#
# A fatal error has been detected by the Java Runtime Environment:
#
#  EXCEPTION_ACCESS_VIOLATION (0xc0000005) at pc=0x681d145d, pid=6024, tid=9060
#
# JRE version: Java(TM) SE Runtime Environment (8.0_91-b15) (build 1.8.0_91-b15)
# Java VM: Java HotSpot(TM) Client VM (25.91-b15 mixed mode windows-x86 )
# Problematic frame:
# V  [jvm.dll+0x6145d]
#
# Failed to write core dump. Minidumps are not enabled by default on client versions of Windows
#
# If you would like to submit a bug report, please visit:
#   http://bugreport.java.com/bugreport/crash.jsp
#

---------------  T H R E A D  ---------------

Current thread (0x0026dc00):  JavaThread "main" [_thread_in_vm, id=9060, stack(0x02530000,0x02580000)]

siginfo: ExceptionCode=0xc0000005, reading address 0xc2000004

Registers:
EAX=0xc2000000, EBX=0x00000002, ECX=0x00000dfc, EDX=0x00000d48
ESP=0x0257dd4c, EBP=0x0257dd4c, ESI=0x00000006, EDI=0x0257dd98
EIP=0x681d145d, EFLAGS=0x00010246

Top of Stack: (sp=0x0257dd4c)
0x0257dd4c:   0257dd68 681d2032 00000006 c2000000
0x0257dd5c:   00000006 0257de2c 00000000 0257dd84
0x0257dd6c:   681d2079 00000000 0257dd98 681d38dd
0x0257dd7c:   15743228 0257de2c 0257ddc0 681d51b9
0x0257dd8c:   0257de2c 0291e048 00000000 0291e048
0x0257dd9c:   00000000 0291f600 00000004 00000006
0x0257ddac:   00000000 0000002d 00000000 0026b498
0x0257ddbc:   8ee6f2a5 0257ddd8 6822863b 0257de2c 

Instructions: (pc=0x681d145d)
0x681d143d:   cc cc cc 55 8b ec 8b 45 08 83 e8 06 74 0f 48 74
0x681d144d:   07 48 74 09 33 c0 5d c3 8b 45 0c 5d c3 8b 45 0c
0x681d145d:   8b 48 04 8b 51 08 8b 42 0c 5d c3 cc cc cc cc cc
0x681d146d:   cc cc cc 55 8b ec 81 ec 10 01 00 00 a1 40 17 4e 


Register to memory mapping:

EAX=0xc2000000 is an unknown value
EBX=0x00000002 is an unknown value
ECX=0x00000dfc is an unknown value
EDX=0x00000d48 is an unknown value
ESP=0x0257dd4c is pointing into the stack for thread: 0x0026dc00
EBP=0x0257dd4c is pointing into the stack for thread: 0x0026dc00
ESI=0x00000006 is an unknown value
EDI=0x0257dd98 is pointing into the stack for thread: 0x0026dc00


Stack: [0x02530000,0x02580000],  sp=0x0257dd4c,  free space=311k
Native frames: (J=compiled Java code, j=interpreted, Vv=VM code, C=native code)
V  [jvm.dll+0x6145d]
V  [jvm.dll+0x62032]
V  [jvm.dll+0x62079]
V  [jvm.dll+0x651b9]
V  [jvm.dll+0xb863b]
V  [jvm.dll+0x5eabf]
V  [jvm.dll+0xa80ed]
V  [jvm.dll+0x4ee67]
V  [jvm.dll+0x4f0ed]
V  [jvm.dll+0x4fd2e]
V  [jvm.dll+0x5036a]
V  [jvm.dll+0x515b0]
V  [jvm.dll+0x515fa]
V  [jvm.dll+0xabb68]
V  [jvm.dll+0x7fe82]
V  [jvm.dll+0x80067]
j  sun.nio.cs.ISO_8859_1.newEncoder()Ljava/nio/charset/CharsetEncoder;+0
j  java.lang.StringCoding.encode(Ljava/nio/charset/Charset;[CII)[B+1
j  java.lang.String.getBytes(Ljava/nio/charset/Charset;)[B+23
j  java.util.Base64$Decoder.decode(Ljava/lang/String;)[B+5
j  sun.security.util.SignatureFileVerifier.verifyManifestHash(Ljava/util/jar/Manifest;Lsun/security/util/ManifestDigester;Ljava/util/List;)Z+144
j  sun.security.util.SignatureFileVerifier.processImpl(Ljava/util/Hashtable;Ljava/util/List;)V+140
j  sun.security.util.SignatureFileVerifier.process(Ljava/util/Hashtable;Ljava/util/List;)V+9
j  java.util.jar.JarVerifier.processEntry(Lsun/security/util/ManifestEntryVerifier;)V+384
j  java.util.jar.JarVerifier.update(I[BIILsun/security/util/ManifestEntryVerifier;)V+39
j  java.util.jar.JarFile.initializeVerifier()V+143
j  java.util.jar.JarFile.getInputStream(Ljava/util/zip/ZipEntry;)Ljava/io/InputStream;+25
j  sun.misc.URLClassPath$JarLoader$2.getInputStream()Ljava/io/InputStream;+11
j  sun.misc.Resource.cachedInputStream()Ljava/io/InputStream;+9
j  sun.misc.Resource.getByteBuffer()Ljava/nio/ByteBuffer;+1
j  java.net.URLClassLoader.defineClass(Ljava/lang/String;Lsun/misc/Resource;)Ljava/lang/Class;+50
j  java.net.URLClassLoader.access$100(Ljava/net/URLClassLoader;Ljava/lang/String;Lsun/misc/Resource;)Ljava/lang/Class;+3
j  java.net.URLClassLoader$1.run()Ljava/lang/Class;+43
j  java.net.URLClassLoader$1.run()Ljava/lang/Object;+1
v  ~StubRoutines::call_stub
V  [jvm.dll+0x159425]
V  [jvm.dll+0x21f02e]
V  [jvm.dll+0x1594be]
V  [jvm.dll+0x109c2f]
C  [java.dll+0x1061]
j  java.net.URLClassLoader.findClass(Ljava/lang/String;)Ljava/lang/Class;+13
j  java.lang.ClassLoader.loadClass(Ljava/lang/String;Z)Ljava/lang/Class;+70
j  java.lang.ClassLoader.loadClass(Ljava/lang/String;Z)Ljava/lang/Class;+38
j  sun.misc.Launcher$AppClassLoader.loadClass(Ljava/lang/String;Z)Ljava/lang/Class;+81
j  java.lang.ClassLoader.loadClass(Ljava/lang/String;)Ljava/lang/Class;+3
j  sun.security.jca.ProviderConfig$2.run()Ljava/security/Provider;+50
j  sun.security.jca.ProviderConfig$2.run()Ljava/lang/Object;+1
v  ~StubRoutines::call_stub
V  [jvm.dll+0x159425]
V  [jvm.dll+0x21f02e]
V  [jvm.dll+0x1594be]
V  [jvm.dll+0x109c2f]
C  [java.dll+0x1015]
j  sun.security.jca.ProviderConfig.doLoadProvider()Ljava/security/Provider;+8
j  sun.security.jca.ProviderConfig.getProvider()Ljava/security/Provider;+88
j  sun.security.jca.ProviderList.getProvider(I)Ljava/security/Provider;+6
j  sun.security.jca.ProviderList.getService(Ljava/lang/String;Ljava/lang/String;)Ljava/security/Provider$Service;+13
j  sun.security.jca.GetInstance.getInstance(Ljava/lang/String;Ljava/lang/Class;Ljava/lang/String;)Lsun/security/jca/GetInstance$Instance;+7
j  javax.net.ssl.SSLContext.getInstance(Ljava/lang/String;)Ljavax/net/ssl/SSLContext;+5
j  org.apache.http.ssl.SSLContexts.createDefault()Ljavax/net/ssl/SSLContext;+2
j  org.apache.http.conn.ssl.SSLConnectionSocketFactory.getSocketFactory()Lorg/apache/http/conn/ssl/SSLConnectionSocketFactory;+4
j  org.openqa.selenium.remote.internal.HttpClientFactory.getClientConnectionManager()Lorg/apache/http/conn/HttpClientConnectionManager;+13
j  org.openqa.selenium.remote.internal.HttpClientFactory.<init>(II)V+5
j  org.openqa.selenium.remote.internal.HttpClientFactory.<init>()V+7
j  org.openqa.selenium.remote.internal.ApacheHttpClient$Factory.getDefaultHttpClientFactory()Lorg/openqa/selenium/remote/internal/HttpClientFactory;+10
j  org.openqa.selenium.remote.internal.ApacheHttpClient$Factory.<init>()V+1
j  org.openqa.selenium.remote.HttpCommandExecutor.getDefaultClientFactory()Lorg/openqa/selenium/remote/http/HttpClient$Factory;+10
j  org.openqa.selenium.remote.HttpCommandExecutor.<init>(Ljava/util/Map;Ljava/net/URL;)V+3
j  org.openqa.selenium.remote.service.DriverCommandExecutor.<init>(Lorg/openqa/selenium/remote/service/DriverService;Ljava/util/Map;)V+6
j  org.openqa.selenium.chrome.ChromeDriverCommandExecutor.<init>(Lorg/openqa/selenium/remote/service/DriverService;)V+5
j  org.openqa.selenium.chrome.ChromeDriver.<init>(Lorg/openqa/selenium/chrome/ChromeDriverService;Lorg/openqa/selenium/Capabilities;)V+6
j  org.openqa.selenium.chrome.ChromeDriver.<init>(Lorg/openqa/selenium/chrome/ChromeDriverService;Lorg/openqa/selenium/chrome/ChromeOptions;)V+6
j  org.openqa.selenium.chrome.ChromeDriver.<init>()V+11
j  com.etg.test.Util.getChromeDriver()Lorg/openqa/selenium/WebDriver;+12
j  com.etg.test.StartupScript.main([Ljava/lang/String;)V+68
v  ~StubRoutines::call_stub
V  [jvm.dll+0x159425]
V  [jvm.dll+0x21f02e]
V  [jvm.dll+0x1594be]
V  [jvm.dll+0xdb317]
V  [jvm.dll+0xe38af]
C  [javaw.exe+0x229a]
C  [javaw.exe+0xaebf]
C  [javaw.exe+0xaf49]
C  [kernel32.dll+0x1338a]
C  [ntdll.dll+0x39902]
C  [ntdll.dll+0x398d5]
C  0x00000000

Java frames: (J=compiled Java code, j=interpreted, Vv=VM code)
j  sun.nio.cs.ISO_8859_1.newEncoder()Ljava/nio/charset/CharsetEncoder;+0
j  java.lang.StringCoding.encode(Ljava/nio/charset/Charset;[CII)[B+1
j  java.lang.String.getBytes(Ljava/nio/charset/Charset;)[B+23
j  java.util.Base64$Decoder.decode(Ljava/lang/String;)[B+5
j  sun.security.util.SignatureFileVerifier.verifyManifestHash(Ljava/util/jar/Manifest;Lsun/security/util/ManifestDigester;Ljava/util/List;)Z+144
j  sun.security.util.SignatureFileVerifier.processImpl(Ljava/util/Hashtable;Ljava/util/List;)V+140
j  sun.security.util.SignatureFileVerifier.process(Ljava/util/Hashtable;Ljava/util/List;)V+9
j  java.util.jar.JarVerifier.processEntry(Lsun/security/util/ManifestEntryVerifier;)V+384
j  java.util.jar.JarVerifier.update(I[BIILsun/security/util/ManifestEntryVerifier;)V+39
j  java.util.jar.JarFile.initializeVerifier()V+143
j  java.util.jar.JarFile.getInputStream(Ljava/util/zip/ZipEntry;)Ljava/io/InputStream;+25
j  sun.misc.URLClassPath$JarLoader$2.getInputStream()Ljava/io/InputStream;+11
j  sun.misc.Resource.cachedInputStream()Ljava/io/InputStream;+9
j  sun.misc.Resource.getByteBuffer()Ljava/nio/ByteBuffer;+1
j  java.net.URLClassLoader.defineClass(Ljava/lang/String;Lsun/misc/Resource;)Ljava/lang/Class;+50
j  java.net.URLClassLoader.access$100(Ljava/net/URLClassLoader;Ljava/lang/String;Lsun/misc/Resource;)Ljava/lang/Class;+3
j  java.net.URLClassLoader$1.run()Ljava/lang/Class;+43
j  java.net.URLClassLoader$1.run()Ljava/lang/Object;+1
v  ~StubRoutines::call_stub
j  java.security.AccessController.doPrivileged(Ljava/security/PrivilegedExceptionAction;Ljava/security/AccessControlContext;)Ljava/lang/Object;+0
j  java.net.URLClassLoader.findClass(Ljava/lang/String;)Ljava/lang/Class;+13
j  java.lang.ClassLoader.loadClass(Ljava/lang/String;Z)Ljava/lang/Class;+70
j  java.lang.ClassLoader.loadClass(Ljava/lang/String;Z)Ljava/lang/Class;+38
j  sun.misc.Launcher$AppClassLoader.loadClass(Ljava/lang/String;Z)Ljava/lang/Class;+81
j  java.lang.ClassLoader.loadClass(Ljava/lang/String;)Ljava/lang/Class;+3
j  sun.security.jca.ProviderConfig$2.run()Ljava/security/Provider;+50
j  sun.security.jca.ProviderConfig$2.run()Ljava/lang/Object;+1
v  ~StubRoutines::call_stub
j  java.security.AccessController.doPrivileged(Ljava/security/PrivilegedAction;)Ljava/lang/Object;+0
j  sun.security.jca.ProviderConfig.doLoadProvider()Ljava/security/Provider;+8
j  sun.security.jca.ProviderConfig.getProvider()Ljava/security/Provider;+88
j  sun.security.jca.ProviderList.getProvider(I)Ljava/security/Provider;+6
j  sun.security.jca.ProviderList.getService(Ljava/lang/String;Ljava/lang/String;)Ljava/security/Provider$Service;+13
j  sun.security.jca.GetInstance.getInstance(Ljava/lang/String;Ljava/lang/Class;Ljava/lang/String;)Lsun/security/jca/GetInstance$Instance;+7
j  javax.net.ssl.SSLContext.getInstance(Ljava/lang/String;)Ljavax/net/ssl/SSLContext;+5
j  org.apache.http.ssl.SSLContexts.createDefault()Ljavax/net/ssl/SSLContext;+2
j  org.apache.http.conn.ssl.SSLConnectionSocketFactory.getSocketFactory()Lorg/apache/http/conn/ssl/SSLConnectionSocketFactory;+4
j  org.openqa.selenium.remote.internal.HttpClientFactory.getClientConnectionManager()Lorg/apache/http/conn/HttpClientConnectionManager;+13
j  org.openqa.selenium.remote.internal.HttpClientFactory.<init>(II)V+5
j  org.openqa.selenium.remote.internal.HttpClientFactory.<init>()V+7
j  org.openqa.selenium.remote.internal.ApacheHttpClient$Factory.getDefaultHttpClientFactory()Lorg/openqa/selenium/remote/internal/HttpClientFactory;+10
j  org.openqa.selenium.remote.internal.ApacheHttpClient$Factory.<init>()V+1
j  org.openqa.selenium.remote.HttpCommandExecutor.getDefaultClientFactory()Lorg/openqa/selenium/remote/http/HttpClient$Factory;+10
j  org.openqa.selenium.remote.HttpCommandExecutor.<init>(Ljava/util/Map;Ljava/net/URL;)V+3
j  org.openqa.selenium.remote.service.DriverCommandExecutor.<init>(Lorg/openqa/selenium/remote/service/DriverService;Ljava/util/Map;)V+6
j  org.openqa.selenium.chrome.ChromeDriverCommandExecutor.<init>(Lorg/openqa/selenium/remote/service/DriverService;)V+5
j  org.openqa.selenium.chrome.ChromeDriver.<init>(Lorg/openqa/selenium/chrome/ChromeDriverService;Lorg/openqa/selenium/Capabilities;)V+6
j  org.openqa.selenium.chrome.ChromeDriver.<init>(Lorg/openqa/selenium/chrome/ChromeDriverService;Lorg/openqa/selenium/chrome/ChromeOptions;)V+6
j  org.openqa.selenium.chrome.ChromeDriver.<init>()V+11
j  com.etg.test.Util.getChromeDriver()Lorg/openqa/selenium/WebDriver;+12
j  com.etg.test.StartupScript.main([Ljava/lang/String;)V+68
v  ~StubRoutines::call_stub

---------------  P R O C E S S  ---------------

Java Threads: ( => current thread )
  0x150c7400 JavaThread "Service Thread" daemon [_thread_blocked, id=5312, stack(0x15460000,0x154b0000)]
  0x150a7000 JavaThread "C1 CompilerThread0" daemon [_thread_blocked, id=8632, stack(0x15530000,0x15580000)]
  0x150a6000 JavaThread "Attach Listener" daemon [_thread_blocked, id=6800, stack(0x02460000,0x024b0000)]
  0x150a3000 JavaThread "Signal Dispatcher" daemon [_thread_blocked, id=1220, stack(0x153c0000,0x15410000)]
  0x00fe3400 JavaThread "Finalizer" daemon [_thread_blocked, id=8620, stack(0x15250000,0x152a0000)]
  0x00fdc400 JavaThread "Reference Handler" daemon [_thread_blocked, id=7448, stack(0x04920000,0x04970000)]
=>0x0026dc00 JavaThread "main" [_thread_in_vm, id=9060, stack(0x02530000,0x02580000)]

Other Threads:
  0x00fd8400 VMThread [stack: 0x024b0000,0x02500000] [id=10052]
  0x150d3800 WatcherThread [stack: 0x15640000,0x15690000] [id=7104]

VM state:not at safepoint (normal execution)

VM Mutex/Monitor currently owned by a thread:  ([mutex/lock_event])
[0x0026b498] CodeCache_lock - owner thread: 0x0026dc00
[0x0026c6f8] Compile_lock - owner thread: 0x0026dc00

Heap:
 def new generation   total 4928K, used 2256K [0x04a00000, 0x04f50000, 0x09f50000)
  eden space 4416K,  39% used [0x04a00000, 0x04bb41e8, 0x04e50000)
  from space 512K, 100% used [0x04ed0000, 0x04f50000, 0x04f50000)
  to   space 512K,   0% used [0x04e50000, 0x04e50000, 0x04ed0000)
 tenured generation   total 10944K, used 730K [0x09f50000, 0x0aa00000, 0x14a00000)
   the space 10944K,   6% used [0x09f50000, 0x0a006970, 0x0a006a00, 0x0aa00000)
 Metaspace       used 3727K, capacity 3760K, committed 3776K, reserved 4480K

Card table byte_map: [0x00d00000,0x00d90000] byte_map_base: 0x00cdb000

Polling page: 0x001d0000

CodeCache: size=32768Kb used=861Kb max_used=861Kb free=31906Kb
 bounds [0x02850000, 0x02928000, 0x04850000]
 total_blobs=263 nmethods=113 adapters=81
 compilation: enabled

Compilation events (10 events):
Event: 0.212 Thread 0x150a7000  109             sun.security.provider.SHA2::lf_sigma1 (21 bytes)
Event: 0.212 Thread 0x150a7000 nmethod 109 0x02926c48 code [0x02926d40, 0x02926dd0]
Event: 0.212 Thread 0x150a7000  110             sun.security.provider.SHA2::lf_ch (10 bytes)
Event: 0.212 Thread 0x150a7000 nmethod 110 0x02926e08 code [0x02926f00, 0x02926f80]
Event: 0.212 Thread 0x150a7000  111             sun.security.provider.SHA2::lf_sigma0 (20 bytes)
Event: 0.212 Thread 0x150a7000 nmethod 111 0x02926fc8 code [0x029270c0, 0x02927150]
Event: 0.212 Thread 0x150a7000  112             sun.security.provider.SHA2::lf_maj (12 bytes)
Event: 0.212 Thread 0x150a7000 nmethod 112 0x02927188 code [0x02927280, 0x02927300]
Event: 0.212 Thread 0x150a7000  113             java.math.BigInteger::mulAdd (81 bytes)
Event: 0.213 Thread 0x150a7000 nmethod 113 0x02927348 code [0x02927440, 0x02927610]

GC Heap History (2 events):
Event: 0.157 GC heap before
{Heap before GC invocations=0 (full 0):
 def new generation   total 4928K, used 4416K [0x04a00000, 0x04f50000, 0x09f50000)
  eden space 4416K, 100% used [0x04a00000, 0x04e50000, 0x04e50000)
  from space 512K,   0% used [0x04e50000, 0x04e50000, 0x04ed0000)
  to   space 512K,   0% used [0x04ed0000, 0x04ed0000, 0x04f50000)
 tenured generation   total 10944K, used 0K [0x09f50000, 0x0aa00000, 0x14a00000)
   the space 10944K,   0% used [0x09f50000, 0x09f50000, 0x09f50200, 0x0aa00000)
 Metaspace       used 2883K, capacity 2928K, committed 3008K, reserved 4480K
Event: 0.159 GC heap after
Heap after GC invocations=1 (full 0):
 def new generation   total 4928K, used 512K [0x04a00000, 0x04f50000, 0x09f50000)
  eden space 4416K,   0% used [0x04a00000, 0x04a00000, 0x04e50000)
  from space 512K, 100% used [0x04ed0000, 0x04f50000, 0x04f50000)
  to   space 512K,   0% used [0x04e50000, 0x04e50000, 0x04ed0000)
 tenured generation   total 10944K, used 730K [0x09f50000, 0x0aa00000, 0x14a00000)
   the space 10944K,   6% used [0x09f50000, 0x0a006970, 0x0a006a00, 0x0aa00000)
 Metaspace       used 2883K, capacity 2928K, committed 3008K, reserved 4480K
}

Deoptimization events (0 events):
No events

Internal exceptions (10 events):
Event: 0.136 Thread 0x0026dc00 Exception <a 'java/security/PrivilegedActionException'> (0x04d54310) thrown at [C:\re\workspace\8-2-build-windows-i586-cygwin\jdk8u91\7017\hotspot\src\share\vm\prims\jvm.cpp, line 1386]
Event: 0.177 Thread 0x0026dc00 Exception <a 'java/security/PrivilegedActionException'> (0x04ab3860) thrown at [C:\re\workspace\8-2-build-windows-i586-cygwin\jdk8u91\7017\hotspot\src\share\vm\prims\jvm.cpp, line 1386]
Event: 0.177 Thread 0x0026dc00 Exception <a 'java/security/PrivilegedActionException'> (0x04ab3c40) thrown at [C:\re\workspace\8-2-build-windows-i586-cygwin\jdk8u91\7017\hotspot\src\share\vm\prims\jvm.cpp, line 1386]
Event: 0.179 Thread 0x0026dc00 Exception <a 'java/security/PrivilegedActionException'> (0x04ac6b18) thrown at [C:\re\workspace\8-2-build-windows-i586-cygwin\jdk8u91\7017\hotspot\src\share\vm\prims\jvm.cpp, line 1386]
Event: 0.179 Thread 0x0026dc00 Exception <a 'java/security/PrivilegedActionException'> (0x04ac6ef8) thrown at [C:\re\workspace\8-2-build-windows-i586-cygwin\jdk8u91\7017\hotspot\src\share\vm\prims\jvm.cpp, line 1386]
Event: 0.179 Thread 0x0026dc00 Exception <a 'java/security/PrivilegedActionException'> (0x04ac8068) thrown at [C:\re\workspace\8-2-build-windows-i586-cygwin\jdk8u91\7017\hotspot\src\share\vm\prims\jvm.cpp, line 1386]
Event: 0.179 Thread 0x0026dc00 Exception <a 'java/security/PrivilegedActionException'> (0x04ac8448) thrown at [C:\re\workspace\8-2-build-windows-i586-cygwin\jdk8u91\7017\hotspot\src\share\vm\prims\jvm.cpp, line 1386]
Event: 0.179 Thread 0x0026dc00 Exception <a 'java/security/PrivilegedActionException'> (0x04ac95f8) thrown at [C:\re\workspace\8-2-build-windows-i586-cygwin\jdk8u91\7017\hotspot\src\share\vm\prims\jvm.cpp, line 1386]
Event: 0.179 Thread 0x0026dc00 Exception <a 'java/security/PrivilegedActionException'> (0x04ac99d8) thrown at [C:\re\workspace\8-2-build-windows-i586-cygwin\jdk8u91\7017\hotspot\src\share\vm\prims\jvm.cpp, line 1386]
Event: 0.188 Thread 0x0026dc00 Exception <a 'java/lang/NoClassDefFoundError': org/apache/log4j/Priority> (0x04b0ebc8) thrown at [C:\re\workspace\8-2-build-windows-i586-cygwin\jdk8u91\7017\hotspot\src\share\vm\classfile\systemDictionary.cpp, line 199]

Events (10 events):
Event: 0.213 loading class java/security/cert/CertPath done
Event: 0.213 loading class sun/security/provider/certpath/X509CertPath done
Event: 0.214 loading class java/util/Base64
Event: 0.214 loading class java/util/Base64 done
Event: 0.214 loading class java/util/Base64$Decoder
Event: 0.214 loading class java/util/Base64$Decoder done
Event: 0.214 loading class java/util/Base64$Encoder
Event: 0.214 loading class java/util/Base64$Encoder done
Event: 0.214 loading class sun/nio/cs/ISO_8859_1$Encoder
Event: 0.214 loading class sun/nio/cs/ISO_8859_1$Encoder done


Dynamic libraries:
0x01020000 - 0x01053000 	C:\Program Files (x86)\Java\jre1.8.0_91\bin\javaw.exe
0x76ea0000 - 0x77020000 	C:\Windows\SysWOW64\ntdll.dll
0x75bb0000 - 0x75cc0000 	C:\Windows\syswow64\kernel32.dll
0x757a0000 - 0x757e7000 	C:\Windows\syswow64\KERNELBASE.dll
0x75d10000 - 0x75db1000 	C:\Windows\syswow64\ADVAPI32.dll
0x76890000 - 0x7693c000 	C:\Windows\syswow64\msvcrt.dll
0x75cc0000 - 0x75cd9000 	C:\Windows\SysWOW64\sechost.dll
0x75ec0000 - 0x75fb0000 	C:\Windows\syswow64\RPCRT4.dll
0x747b0000 - 0x74810000 	C:\Windows\syswow64\SspiCli.dll
0x747a0000 - 0x747ac000 	C:\Windows\syswow64\CRYPTBASE.dll
0x75830000 - 0x75930000 	C:\Windows\syswow64\USER32.dll
0x75e30000 - 0x75ec0000 	C:\Windows\syswow64\GDI32.dll
0x75fb0000 - 0x75fba000 	C:\Windows\syswow64\LPK.dll
0x74810000 - 0x748ad000 	C:\Windows\syswow64\USP10.dll
0x71f10000 - 0x720ae000 	C:\Windows\WinSxS\x86_microsoft.windows.common-controls_6595b64144ccf1df_6.0.7601.18837_none_41e855142bd5705d\COMCTL32.dll
0x76800000 - 0x76857000 	C:\Windows\syswow64\SHLWAPI.dll
0x6ddb0000 - 0x6ddfc000 	C:\Windows\system32\apphelp.dll
0x69f80000 - 0x6a199000 	C:\Windows\AppPatch\AcGenral.DLL
0x722e0000 - 0x72360000 	C:\Windows\system32\UxTheme.dll
0x724a0000 - 0x724d2000 	C:\Windows\system32\WINMM.dll
0x74390000 - 0x7439f000 	C:\Windows\system32\samcli.dll
0x76940000 - 0x76a9d000 	C:\Windows\syswow64\ole32.dll
0x75680000 - 0x7570f000 	C:\Windows\syswow64\OLEAUT32.dll
0x739d0000 - 0x739e4000 	C:\Windows\system32\MSACM32.dll
0x720c0000 - 0x720c9000 	C:\Windows\system32\VERSION.dll
0x74a30000 - 0x7567c000 	C:\Windows\syswow64\SHELL32.dll
0x743a0000 - 0x743a3000 	C:\Windows\system32\sfc.dll
0x74380000 - 0x7438d000 	C:\Windows\system32\sfc_os.DLL
0x76870000 - 0x76887000 	C:\Windows\syswow64\USERENV.dll
0x748e0000 - 0x748eb000 	C:\Windows\syswow64\profapi.dll
0x72480000 - 0x72493000 	C:\Windows\system32\dwmapi.dll
0x75fe0000 - 0x7617d000 	C:\Windows\syswow64\SETUPAPI.dll
0x75ce0000 - 0x75d07000 	C:\Windows\syswow64\CFGMGR32.dll
0x763d0000 - 0x763e2000 	C:\Windows\syswow64\DEVOBJ.dll
0x76520000 - 0x7666c000 	C:\Windows\syswow64\urlmon.dll
0x767f0000 - 0x767f4000 	C:\Windows\syswow64\api-ms-win-downlevel-ole32-l1-1-0.dll
0x75e20000 - 0x75e24000 	C:\Windows\syswow64\api-ms-win-downlevel-shlwapi-l1-1-0.dll
0x76e70000 - 0x76e75000 	C:\Windows\syswow64\api-ms-win-downlevel-advapi32-l1-1-0.dll
0x75fc0000 - 0x75fc4000 	C:\Windows\syswow64\api-ms-win-downlevel-user32-l1-1-0.dll
0x767e0000 - 0x767e4000 	C:\Windows\syswow64\api-ms-win-downlevel-version-l1-1-0.dll
0x75fd0000 - 0x75fd3000 	C:\Windows\syswow64\api-ms-win-downlevel-normaliz-l1-1-0.dll
0x767c0000 - 0x767c3000 	C:\Windows\syswow64\normaliz.DLL
0x75970000 - 0x75ba4000 	C:\Windows\syswow64\iertutil.dll
0x76180000 - 0x763d0000 	C:\Windows\syswow64\WININET.dll
0x74200000 - 0x74212000 	C:\Windows\system32\MPR.dll
0x75dc0000 - 0x75e20000 	C:\Windows\system32\IMM32.DLL
0x76670000 - 0x7673c000 	C:\Windows\syswow64\MSCTF.dll
0x69a10000 - 0x69acd000 	C:\Program Files (x86)\Java\jre1.8.0_91\bin\msvcr100.dll
0x68170000 - 0x6853a000 	C:\Program Files (x86)\Java\jre1.8.0_91\bin\client\jvm.dll
0x743b0000 - 0x743b7000 	C:\Windows\system32\WSOCK32.dll
0x757f0000 - 0x75825000 	C:\Windows\syswow64\WS2_32.dll
0x76860000 - 0x76866000 	C:\Windows\syswow64\NSI.dll
0x767d0000 - 0x767d5000 	C:\Windows\syswow64\PSAPI.DLL
0x739c0000 - 0x739cc000 	C:\Program Files (x86)\Java\jre1.8.0_91\bin\verify.dll
0x73990000 - 0x739b1000 	C:\Program Files (x86)\Java\jre1.8.0_91\bin\java.dll
0x73970000 - 0x73983000 	C:\Program Files (x86)\Java\jre1.8.0_91\bin\zip.dll
0x6a870000 - 0x6a886000 	C:\Program Files (x86)\Java\jre1.8.0_91\bin\net.dll
0x72670000 - 0x726ac000 	C:\Windows\system32\mswsock.dll
0x72470000 - 0x72476000 	C:\Windows\System32\wship6.dll
0x72460000 - 0x72465000 	C:\Windows\System32\wshtcpip.dll
0x724e0000 - 0x72524000 	C:\Windows\system32\DNSAPI.dll
0x72630000 - 0x72657000 	C:\Program Files (x86)\Common Files\Microsoft Shared\Windows Live\WLIDNSP.DLL
0x722c0000 - 0x722dc000 	C:\Windows\system32\IPHLPAPI.DLL
0x72450000 - 0x72457000 	C:\Windows\system32\WINNSI.DLL
0x722a0000 - 0x722a6000 	C:\Windows\system32\rasadhlp.dll
0x72220000 - 0x72258000 	C:\Windows\System32\fwpuclnt.dll
0x72530000 - 0x7261b000 	C:\Windows\system32\dbghelp.dll

VM Arguments:
jvm_args: -Dfile.encoding=Cp1252 
java_command: com.etg.test.StartupScript
java_class_path (initial): D:\Eclipse Luna workspace\ModifiedEventsNow\bin;D:\shankar.challa\selenium-java-3.0.1\client-combined-3.0.1-nodeps.jar;D:\shankar.challa\selenium-java-3.0.1\lib\cglib-nodep-3.2.4.jar;D:\shankar.challa\selenium-java-3.0.1\lib\commons-codec-1.10.jar;D:\shankar.challa\selenium-java-3.0.1\lib\commons-exec-1.3.jar;D:\shankar.challa\selenium-java-3.0.1\lib\commons-io-2.5.jar;D:\shankar.challa\selenium-java-3.0.1\lib\commons-lang3-3.4.jar;D:\shankar.challa\selenium-java-3.0.1\lib\commons-logging-1.2.jar;D:\shankar.challa\selenium-java-3.0.1\lib\cssparser-0.9.20.jar;D:\shankar.challa\selenium-java-3.0.1\lib\gson-2.3.1.jar;D:\shankar.challa\selenium-java-3.0.1\lib\guava-19.0.jar;D:\shankar.challa\selenium-java-3.0.1\lib\hamcrest-core-1.3.jar;D:\shankar.challa\selenium-java-3.0.1\lib\hamcrest-library-1.3.jar;D:\shankar.challa\selenium-java-3.0.1\lib\htmlunit-2.23.jar;D:\shankar.challa\selenium-java-3.0.1\lib\htmlunit-core-js-2.23.jar;D:\shankar.challa\selenium-java-3.0.1\lib\httpclient-4.5.2.jar;D:\shankar.challa\selenium-java-3.0.1\lib\httpcore-4.4.4.jar;D:\shankar.challa\selenium-java-3.0.1\lib\httpmime-4.5.2.jar;D:\shankar.challa\selenium-java-3.0.1\lib\javax.servlet-api-3.1.0.jar;D:\shankar.challa\selenium-java-3.0.1\lib\jetty-io-9.2.13.v20150730.jar;D:\shankar.challa\selenium-java-3.0.1\lib\jetty-util-9.2.13.v20150730.jar;D:\shankar.challa\selenium-java-3.0.1\lib\jna-4.1.0.jar;D:\shankar.challa\selenium-java-3.0.1\lib\jna-platform-4.1.0.jar;D:\shankar.challa\selenium-java-3.0.1\lib\junit-4.12.jar;D:\shankar.challa\selenium-java-3.0.1\lib\neko-htmlunit-2.23.jar;D:\shankar.challa\selenium-java-3.0.1\lib\netty-3.5.7.Final.jar;D:\shankar.challa\selenium-java-3.0.1\lib\phantomjsdriver-1.3.0.jar;D:\shankar.challa\selenium-java-3.0.1\lib\sac-1.3.jar;D:\shankar.challa\selenium-java-3.0.1\lib\serializer-2.7.2.jar;D:\shankar.challa\selenium-java-3.0.1\lib\websocket-api-9.2.15.v20160210.jar;D:\shankar.challa\selenium-java-3.0.1\lib\websocket-client-9.2.
Launcher Type: SUN_STANDARD

Environment Variables:
JAVA_HOME=C:\Program Files\Java\jdk1.8.0_91
CLASSPATH=C:\Program Files (x86)\Apache Software Foundation\Tomcat 5.0\common\lib\servlet-api.jar;C:\Program Files (x86)\Apache Software Foundation\Tomcat 5.0\common\lib\jsp-api.jar;
PATH=C:/Program Files (x86)/Java/jre1.8.0_91/bin/client;C:/Program Files (x86)/Java/jre1.8.0_91/bin;C:/Program Files (x86)/Java/jre1.8.0_91/lib/i386;C:\ProgramData\Oracle\Java\javapath;C:\oraclexe\app\oracle\product\11.2.0\server\bin;C:\Program Files (x86)\Microsoft SQL Server\100\Tools\Binn\;C:\Program Files\Microsoft SQL Server\100\Tools\Binn\;C:\Program Files\Microsoft SQL Server\100\DTS\Binn\;C:\Program Files (x86)\Microsoft SQL Server\100\Tools\Binn\VSShell\Common7\IDE\;C:\Program Files (x86)\Microsoft SQL Server\100\DTS\Binn\;C:\Program Files\Microsoft\Web Platform Installer\;C:\Program Files (x86)\Microsoft ASP.NET\ASP.NET Web Pages\v1.0\;C:\Program Files (x86)\Windows Kits\8.0\Windows Performance Toolkit\;C:\Program Files\Microsoft SQL Server\110\Tools\Binn\;C:\Program Files (x86)\Microsoft SQL Server\110\Tools\Binn\;C:\Program Files\Microsoft SQL Server\110\DTS\Binn\;C:\Program Files (x86)\Microsoft SQL Server\110\Tools\Binn\ManagementStudio\;C:\Program Files (x86)\Microsoft SQL Server\110\DTS\Binn\;C:\Program Files (x86)\Microsoft Visual Studio 11.0\Common7\IDE\PrivateAssemblies\;C:\Users\shankar.challa\AppData\Local\Android\sdk\platform-tools;C:\Users\shankar.challa\AppData\Local\Android\sdk\build-tools;C:\Users\shankar.challa\AppData\Local\Android\SDK\tools;C:\Program Files (x86)\Skype\Phone\;C:\sdk\platform-tools;C:\SDK\build-tools;C:\SDKtools;C:\SDK\build-tools\24.0.3;C:\Program Files\Java\jdk1.8.0_91\bin;C:\Windows\System32\;C:\Program Files\Java\jre1.8.0_111\bin;D:\All Backup 20161109\eclipse;
USERNAME=shankar.challa
OS=Windows_NT
PROCESSOR_IDENTIFIER=Intel64 Family 6 Model 42 Stepping 7, GenuineIntel



---------------  S Y S T E M  ---------------

OS: Windows 7 , 64 bit Build 7601 (6.1.7601.23418)

CPU:total 8 (4 cores per cpu, 2 threads per core) family 6 model 42 stepping 7, cmov, cx8, fxsr, mmx, sse, sse2, sse3, ssse3, sse4.1, sse4.2, popcnt, avx, aes, clmul, ht, tsc, tscinvbit

Memory: 4k page, physical 8266648k(3599492k free), swap 14357588k(8051800k free)

vm_info: Java HotSpot(TM) Client VM (25.91-b15) for windows-x86 JRE (1.8.0_91-b15), built on May 20 2016 17:33:18 by "java_re" with MS VC++ 10.0 (VS2010)

time: Fri Jan 20 12:06:30 2017
elapsed time: 0 seconds (0d 0h 0m 0s)

